This file contains any messages produced by compilers while
running configure, to aid debugging if configure makes a mistake.

It was created by osra configure 2.1.0, which was
generated by GNU Autoconf 2.69.  Invocation command line was

  $ ./configure --enable-lib --with-tclap-include=/usr/local/include/ --with-openbabel-include=/usr/local/include/openbabel-2.0 --with-openbabel-lib=/usr/local/lib --with-gocr-include=/usr/local/include/gocr

## --------- ##
## Platform. ##
## --------- ##

hostname = edward-VirtualBox
uname -m = x86_64
uname -r = 4.15.0-45-generic
uname -s = Linux
uname -v = #48~16.04.1-Ubuntu SMP Tue Jan 29 18:03:48 UTC 2019

/usr/bin/uname -p = unknown
/bin/uname -X     = unknown

/bin/arch              = unknown
/usr/bin/arch -k       = unknown
/usr/convex/getsysinfo = unknown
/usr/bin/hostinfo      = unknown
/bin/machine           = unknown
/usr/bin/oslevel       = unknown
/bin/universe          = unknown

PATH: /usr/local/sbin
PATH: /usr/local/bin
PATH: /usr/sbin
PATH: /usr/bin
PATH: /sbin
PATH: /bin
PATH: /snap/bin


## ----------- ##
## Core tests. ##
## ----------- ##

configure:2200: checking build system type
configure:2214: result: x86_64-unknown-linux-gnu
configure:2255: checking for ld
configure:2273: found /usr/bin/ld
configure:2285: result: /usr/bin/ld
configure:2293: checking if ld (/usr/bin/ld) is GNU ld
configure:2365: checking for g++
configure:2381: found /usr/bin/g++
configure:2392: result: g++
configure:2419: checking for C++ compiler version
configure:2428: g++ --version >&5
g++ (Ubuntu 5.4.0-6ubuntu1~16.04.11) 5.4.0 20160609
Copyright (C) 2015 Free Software Foundation, Inc.
This is free software; see the source for copying conditions.  There is NO
warranty; not even for MERCHANTABILITY or FITNESS FOR A PARTICULAR PURPOSE.

configure:2439: $? = 0
configure:2428: g++ -v >&5
Using built-in specs.
COLLECT_GCC=g++
COLLECT_LTO_WRAPPER=/usr/lib/gcc/x86_64-linux-gnu/5/lto-wrapper
Target: x86_64-linux-gnu
Configured with: ../src/configure -v --with-pkgversion='Ubuntu 5.4.0-6ubuntu1~16.04.11' --with-bugurl=file:///usr/share/doc/gcc-5/README.Bugs --enable-languages=c,ada,c++,java,go,d,fortran,objc,obj-c++ --prefix=/usr --program-suffix=-5 --enable-shared --enable-linker-build-id --libexecdir=/usr/lib --without-included-gettext --enable-threads=posix --libdir=/usr/lib --enable-nls --with-sysroot=/ --enable-clocale=gnu --enable-libstdcxx-debug --enable-libstdcxx-time=yes --with-default-libstdcxx-abi=new --enable-gnu-unique-object --disable-vtable-verify --enable-libmpx --enable-plugin --with-system-zlib --disable-browser-plugin --enable-java-awt=gtk --enable-gtk-cairo --with-java-home=/usr/lib/jvm/java-1.5.0-gcj-5-amd64/jre --enable-java-home --with-jvm-root-dir=/usr/lib/jvm/java-1.5.0-gcj-5-amd64 --with-jvm-jar-dir=/usr/lib/jvm-exports/java-1.5.0-gcj-5-amd64 --with-arch-directory=amd64 --with-ecj-jar=/usr/share/java/eclipse-ecj.jar --enable-objc-gc --enable-multiarch --disable-werror --with-arch-32=i686 --with-abi=m64 --with-multilib-list=m32,m64,mx32 --enable-multilib --with-tune=generic --enable-checking=release --build=x86_64-linux-gnu --host=x86_64-linux-gnu --target=x86_64-linux-gnu
Thread model: posix
gcc version 5.4.0 20160609 (Ubuntu 5.4.0-6ubuntu1~16.04.11) 
configure:2439: $? = 0
configure:2428: g++ -V >&5
g++: error: unrecognized command line option '-V'
g++: fatal error: no input files
compilation terminated.
configure:2439: $? = 1
configure:2428: g++ -qversion >&5
g++: error: unrecognized command line option '-qversion'
g++: fatal error: no input files
compilation terminated.
configure:2439: $? = 1
configure:2459: checking whether the C++ compiler works
configure:2481: g++    conftest.cpp  >&5
configure:2485: $? = 0
configure:2533: result: yes
configure:2536: checking for C++ compiler default output file name
configure:2538: result: a.out
configure:2544: checking for suffix of executables
configure:2551: g++ -o conftest    conftest.cpp  >&5
configure:2555: $? = 0
configure:2577: result: 
configure:2599: checking whether we are cross compiling
configure:2607: g++ -o conftest    conftest.cpp  >&5
configure:2611: $? = 0
configure:2618: ./conftest
configure:2622: $? = 0
configure:2637: result: no
configure:2642: checking for suffix of object files
configure:2664: g++ -c   conftest.cpp >&5
configure:2668: $? = 0
configure:2689: result: o
configure:2693: checking whether we are using the GNU C++ compiler
configure:2712: g++ -c   conftest.cpp >&5
configure:2712: $? = 0
configure:2721: result: yes
configure:2730: checking whether g++ accepts -g
configure:2750: g++ -c -g  conftest.cpp >&5
configure:2750: $? = 0
configure:2791: result: yes
configure:2822: checking whether g++ supports C++11 features by default
configure:3116: g++ -c -g -O2  conftest.cpp >&5
conftest.cpp:20:2: error: #error "This is not a C++11 compiler"
 #error "This is not a C++11 compiler"
  ^
configure:3116: $? = 1
configure: failed program was:
| /* confdefs.h */
| #define PACKAGE_NAME "osra"
| #define PACKAGE_TARNAME "osra"
| #define PACKAGE_VERSION "2.1.0"
| #define PACKAGE_STRING "osra 2.1.0"
| #define PACKAGE_BUGREPORT ""
| #define PACKAGE_URL ""
| /* end confdefs.h.  */
| 
| 
| // If the compiler admits that it is not ready for C++11, why torture it?
| // Hopefully, this will speed up the test.
| 
| #ifndef __cplusplus
| 
| #error "This is not a C++ compiler"
| 
| #elif __cplusplus < 201103L
| 
| #error "This is not a C++11 compiler"
| 
| #else
| 
| namespace cxx11
| {
| 
|   namespace test_static_assert
|   {
| 
|     template <typename T>
|     struct check
|     {
|       static_assert(sizeof(int) <= sizeof(T), "not big enough");
|     };
| 
|   }
| 
|   namespace test_final_override
|   {
| 
|     struct Base
|     {
|       virtual void f() {}
|     };
| 
|     struct Derived : public Base
|     {
|       virtual void f() override {}
|     };
| 
|   }
| 
|   namespace test_double_right_angle_brackets
|   {
| 
|     template < typename T >
|     struct check {};
| 
|     typedef check<void> single_type;
|     typedef check<check<void>> double_type;
|     typedef check<check<check<void>>> triple_type;
|     typedef check<check<check<check<void>>>> quadruple_type;
| 
|   }
| 
|   namespace test_decltype
|   {
| 
|     int
|     f()
|     {
|       int a = 1;
|       decltype(a) b = 2;
|       return a + b;
|     }
| 
|   }
| 
|   namespace test_type_deduction
|   {
| 
|     template < typename T1, typename T2 >
|     struct is_same
|     {
|       static const bool value = false;
|     };
| 
|     template < typename T >
|     struct is_same<T, T>
|     {
|       static const bool value = true;
|     };
| 
|     template < typename T1, typename T2 >
|     auto
|     add(T1 a1, T2 a2) -> decltype(a1 + a2)
|     {
|       return a1 + a2;
|     }
| 
|     int
|     test(const int c, volatile int v)
|     {
|       static_assert(is_same<int, decltype(0)>::value == true, "");
|       static_assert(is_same<int, decltype(c)>::value == false, "");
|       static_assert(is_same<int, decltype(v)>::value == false, "");
|       auto ac = c;
|       auto av = v;
|       auto sumi = ac + av + 'x';
|       auto sumf = ac + av + 1.0;
|       static_assert(is_same<int, decltype(ac)>::value == true, "");
|       static_assert(is_same<int, decltype(av)>::value == true, "");
|       static_assert(is_same<int, decltype(sumi)>::value == true, "");
|       static_assert(is_same<int, decltype(sumf)>::value == false, "");
|       static_assert(is_same<int, decltype(add(c, v))>::value == true, "");
|       return (sumf > 0.0) ? sumi : add(c, v);
|     }
| 
|   }
| 
|   namespace test_noexcept
|   {
| 
|     int f() { return 0; }
|     int g() noexcept { return 0; }
| 
|     static_assert(noexcept(f()) == false, "");
|     static_assert(noexcept(g()) == true, "");
| 
|   }
| 
|   namespace test_constexpr
|   {
| 
|     template < typename CharT >
|     unsigned long constexpr
|     strlen_c_r(const CharT *const s, const unsigned long acc) noexcept
|     {
|       return *s ? strlen_c_r(s + 1, acc + 1) : acc;
|     }
| 
|     template < typename CharT >
|     unsigned long constexpr
|     strlen_c(const CharT *const s) noexcept
|     {
|       return strlen_c_r(s, 0UL);
|     }
| 
|     static_assert(strlen_c("") == 0UL, "");
|     static_assert(strlen_c("1") == 1UL, "");
|     static_assert(strlen_c("example") == 7UL, "");
|     static_assert(strlen_c("another\0example") == 7UL, "");
| 
|   }
| 
|   namespace test_rvalue_references
|   {
| 
|     template < int N >
|     struct answer
|     {
|       static constexpr int value = N;
|     };
| 
|     answer<1> f(int&)       { return answer<1>(); }
|     answer<2> f(const int&) { return answer<2>(); }
|     answer<3> f(int&&)      { return answer<3>(); }
| 
|     void
|     test()
|     {
|       int i = 0;
|       const int c = 0;
|       static_assert(decltype(f(i))::value == 1, "");
|       static_assert(decltype(f(c))::value == 2, "");
|       static_assert(decltype(f(0))::value == 3, "");
|     }
| 
|   }
| 
|   namespace test_uniform_initialization
|   {
| 
|     struct test
|     {
|       static const int zero {};
|       static const int one {1};
|     };
| 
|     static_assert(test::zero == 0, "");
|     static_assert(test::one == 1, "");
| 
|   }
| 
|   namespace test_lambdas
|   {
| 
|     void
|     test1()
|     {
|       auto lambda1 = [](){};
|       auto lambda2 = lambda1;
|       lambda1();
|       lambda2();
|     }
| 
|     int
|     test2()
|     {
|       auto a = [](int i, int j){ return i + j; }(1, 2);
|       auto b = []() -> int { return '0'; }();
|       auto c = [=](){ return a + b; }();
|       auto d = [&](){ return c; }();
|       auto e = [a, &b](int x) mutable {
|         const auto identity = [](int y){ return y; };
|         for (auto i = 0; i < a; ++i)
|           a += b--;
|         return x + identity(a + b);
|       }(0);
|       return a + b + c + d + e;
|     }
| 
|     int
|     test3()
|     {
|       const auto nullary = [](){ return 0; };
|       const auto unary = [](int x){ return x; };
|       using nullary_t = decltype(nullary);
|       using unary_t = decltype(unary);
|       const auto higher1st = [](nullary_t f){ return f(); };
|       const auto higher2nd = [unary](nullary_t f1){
|         return [unary, f1](unary_t f2){ return f2(unary(f1())); };
|       };
|       return higher1st(nullary) + higher2nd(nullary)(unary);
|     }
| 
|   }
| 
|   namespace test_variadic_templates
|   {
| 
|     template <int...>
|     struct sum;
| 
|     template <int N0, int... N1toN>
|     struct sum<N0, N1toN...>
|     {
|       static constexpr auto value = N0 + sum<N1toN...>::value;
|     };
| 
|     template <>
|     struct sum<>
|     {
|       static constexpr auto value = 0;
|     };
| 
|     static_assert(sum<>::value == 0, "");
|     static_assert(sum<1>::value == 1, "");
|     static_assert(sum<23>::value == 23, "");
|     static_assert(sum<1, 2>::value == 3, "");
|     static_assert(sum<5, 5, 11>::value == 21, "");
|     static_assert(sum<2, 3, 5, 7, 11, 13>::value == 41, "");
| 
|   }
| 
|   // http://stackoverflow.com/questions/13728184/template-aliases-and-sfinae
|   // Clang 3.1 fails with headers of libstd++ 4.8.3 when using std::function
|   // because of this.
|   namespace test_template_alias_sfinae
|   {
| 
|     struct foo {};
| 
|     template<typename T>
|     using member = typename T::member_type;
| 
|     template<typename T>
|     void func(...) {}
| 
|     template<typename T>
|     void func(member<T>*) {}
| 
|     void test();
| 
|     void test() { func<foo>(0); }
| 
|   }
| 
| }  // namespace cxx11
| 
| #endif  // __cplusplus >= 201103L
| 
| 
| 
configure:3123: result: no
configure:3132: checking whether g++ supports C++11 features with -std=gnu++11
configure:3428: g++ -std=gnu++11 -c -g -O2  conftest.cpp >&5
configure:3428: $? = 0
configure:3437: result: yes
configure:3787: checking whether the compiler implements namespaces
configure:3810: g++ -std=gnu++11 -c -g -O2  conftest.cpp >&5
configure:3810: $? = 0
configure:3824: result: yes
configure:3832: checking whether the compiler supports Standard Template Library
configure:3861: g++ -std=gnu++11 -c -g -O2  conftest.cpp >&5
configure:3861: $? = 0
configure:3875: result: yes
configure:4003: checking for C++ compiler version
configure:4012: g++ -std=gnu++11 --version >&5
g++ (Ubuntu 5.4.0-6ubuntu1~16.04.11) 5.4.0 20160609
Copyright (C) 2015 Free Software Foundation, Inc.
This is free software; see the source for copying conditions.  There is NO
warranty; not even for MERCHANTABILITY or FITNESS FOR A PARTICULAR PURPOSE.

configure:4023: $? = 0
configure:4012: g++ -std=gnu++11 -v >&5
Using built-in specs.
COLLECT_GCC=g++
COLLECT_LTO_WRAPPER=/usr/lib/gcc/x86_64-linux-gnu/5/lto-wrapper
Target: x86_64-linux-gnu
Configured with: ../src/configure -v --with-pkgversion='Ubuntu 5.4.0-6ubuntu1~16.04.11' --with-bugurl=file:///usr/share/doc/gcc-5/README.Bugs --enable-languages=c,ada,c++,java,go,d,fortran,objc,obj-c++ --prefix=/usr --program-suffix=-5 --enable-shared --enable-linker-build-id --libexecdir=/usr/lib --without-included-gettext --enable-threads=posix --libdir=/usr/lib --enable-nls --with-sysroot=/ --enable-clocale=gnu --enable-libstdcxx-debug --enable-libstdcxx-time=yes --with-default-libstdcxx-abi=new --enable-gnu-unique-object --disable-vtable-verify --enable-libmpx --enable-plugin --with-system-zlib --disable-browser-plugin --enable-java-awt=gtk --enable-gtk-cairo --with-java-home=/usr/lib/jvm/java-1.5.0-gcj-5-amd64/jre --enable-java-home --with-jvm-root-dir=/usr/lib/jvm/java-1.5.0-gcj-5-amd64 --with-jvm-jar-dir=/usr/lib/jvm-exports/java-1.5.0-gcj-5-amd64 --with-arch-directory=amd64 --with-ecj-jar=/usr/share/java/eclipse-ecj.jar --enable-objc-gc --enable-multiarch --disable-werror --with-arch-32=i686 --with-abi=m64 --with-multilib-list=m32,m64,mx32 --enable-multilib --with-tune=generic --enable-checking=release --build=x86_64-linux-gnu --host=x86_64-linux-gnu --target=x86_64-linux-gnu
Thread model: posix
gcc version 5.4.0 20160609 (Ubuntu 5.4.0-6ubuntu1~16.04.11) 
configure:4023: $? = 0
configure:4012: g++ -std=gnu++11 -V >&5
g++: error: unrecognized command line option '-V'
g++: fatal error: no input files
compilation terminated.
configure:4023: $? = 1
configure:4012: g++ -std=gnu++11 -qversion >&5
g++: error: unrecognized command line option '-qversion'
g++: fatal error: no input files
compilation terminated.
configure:4023: $? = 1
configure:4027: checking whether we are using the GNU C++ compiler
configure:4055: result: yes
configure:4064: checking whether g++ -std=gnu++11 accepts -g
configure:4125: result: yes
configure:4150: checking for rm
configure:4168: found /bin/rm
configure:4180: result: /bin/rm
configure:4188: checking whether ln -s works
configure:4192: result: yes
configure:4213: checking for a BSD-compatible install
configure:4281: result: /usr/bin/install -c
configure:4294: checking for ar
configure:4312: found /usr/bin/ar
configure:4324: result: /usr/bin/ar
configure:4375: checking for ranlib
configure:4391: found /usr/bin/ranlib
configure:4402: result: ranlib
configure:4604: checking for g++ -std=gnu++11 option to support OpenMP
configure:4619: g++ -std=gnu++11 -o conftest -g -O2 -I/usr/local/include  -L/usr/local/lib  conftest.cpp  >&5
conftest.cpp:14:2: error: 'choke' does not name a type
  choke me
  ^
In file included from conftest.cpp:16:0:
/usr/lib/gcc/x86_64-linux-gnu/5/include/omp.h:39:3: error: 'omp_lock_t' does not name a type
 } omp_lock_t;
   ^
/usr/lib/gcc/x86_64-linux-gnu/5/include/omp.h:91:28: error: variable or field 'omp_init_lock' declared void
 extern void omp_init_lock (omp_lock_t *) __GOMP_NOTHROW;
                            ^
/usr/lib/gcc/x86_64-linux-gnu/5/include/omp.h:91:28: error: 'omp_lock_t' was not declared in this scope
/usr/lib/gcc/x86_64-linux-gnu/5/include/omp.h:91:40: error: expected primary-expression before ')' token
 extern void omp_init_lock (omp_lock_t *) __GOMP_NOTHROW;
                                        ^
/usr/lib/gcc/x86_64-linux-gnu/5/include/omp.h:92:31: error: variable or field 'omp_destroy_lock' declared void
 extern void omp_destroy_lock (omp_lock_t *) __GOMP_NOTHROW;
                               ^
/usr/lib/gcc/x86_64-linux-gnu/5/include/omp.h:92:31: error: 'omp_lock_t' was not declared in this scope
/usr/lib/gcc/x86_64-linux-gnu/5/include/omp.h:92:43: error: expected primary-expression before ')' token
 extern void omp_destroy_lock (omp_lock_t *) __GOMP_NOTHROW;
                                           ^
/usr/lib/gcc/x86_64-linux-gnu/5/include/omp.h:93:27: error: variable or field 'omp_set_lock' declared void
 extern void omp_set_lock (omp_lock_t *) __GOMP_NOTHROW;
                           ^
/usr/lib/gcc/x86_64-linux-gnu/5/include/omp.h:93:27: error: 'omp_lock_t' was not declared in this scope
/usr/lib/gcc/x86_64-linux-gnu/5/include/omp.h:93:39: error: expected primary-expression before ')' token
 extern void omp_set_lock (omp_lock_t *) __GOMP_NOTHROW;
                                       ^
/usr/lib/gcc/x86_64-linux-gnu/5/include/omp.h:94:29: error: variable or field 'omp_unset_lock' declared void
 extern void omp_unset_lock (omp_lock_t *) __GOMP_NOTHROW;
                             ^
/usr/lib/gcc/x86_64-linux-gnu/5/include/omp.h:94:29: error: 'omp_lock_t' was not declared in this scope
/usr/lib/gcc/x86_64-linux-gnu/5/include/omp.h:94:41: error: expected primary-expression before ')' token
 extern void omp_unset_lock (omp_lock_t *) __GOMP_NOTHROW;
                                         ^
/usr/lib/gcc/x86_64-linux-gnu/5/include/omp.h:95:27: error: 'omp_lock_t' was not declared in this scope
 extern int omp_test_lock (omp_lock_t *) __GOMP_NOTHROW;
                           ^
/usr/lib/gcc/x86_64-linux-gnu/5/include/omp.h:95:39: error: expected primary-expression before ')' token
 extern int omp_test_lock (omp_lock_t *) __GOMP_NOTHROW;
                                       ^
/usr/lib/gcc/x86_64-linux-gnu/5/include/omp.h:95:41: error: expected ',' or ';' before 'throw'
 extern int omp_test_lock (omp_lock_t *) __GOMP_NOTHROW;
                                         ^
configure:4619: $? = 1
configure: failed program was:
| /* confdefs.h */
| #define PACKAGE_NAME "osra"
| #define PACKAGE_TARNAME "osra"
| #define PACKAGE_VERSION "2.1.0"
| #define PACKAGE_STRING "osra 2.1.0"
| #define PACKAGE_BUGREPORT ""
| #define PACKAGE_URL ""
| #define HAVE_CXX11 1
| #define HAVE_NAMESPACES /**/
| #define HAVE_STL /**/
| /* end confdefs.h.  */
| 
| #ifndef _OPENMP
|  choke me
| #endif
| #include <omp.h>
| int main () { return omp_get_num_threads (); }
| 
configure:4637: g++ -std=gnu++11 -o conftest -g -O2 -fopenmp -I/usr/local/include  -L/usr/local/lib  conftest.cpp  >&5
configure:4637: $? = 0
configure:4651: result: -fopenmp
configure:4721: checking how to run the C++ preprocessor
configure:4748: g++ -std=gnu++11 -E -I/usr/local/include  conftest.cpp
configure:4748: $? = 0
configure:4762: g++ -std=gnu++11 -E -I/usr/local/include  conftest.cpp
conftest.cpp:12:28: fatal error: ac_nonexistent.h: No such file or directory
compilation terminated.
configure:4762: $? = 1
configure: failed program was:
| /* confdefs.h */
| #define PACKAGE_NAME "osra"
| #define PACKAGE_TARNAME "osra"
| #define PACKAGE_VERSION "2.1.0"
| #define PACKAGE_STRING "osra 2.1.0"
| #define PACKAGE_BUGREPORT ""
| #define PACKAGE_URL ""
| #define HAVE_CXX11 1
| #define HAVE_NAMESPACES /**/
| #define HAVE_STL /**/
| /* end confdefs.h.  */
| #include <ac_nonexistent.h>
configure:4787: result: g++ -std=gnu++11 -E
configure:4807: g++ -std=gnu++11 -E -I/usr/local/include  conftest.cpp
configure:4807: $? = 0
configure:4821: g++ -std=gnu++11 -E -I/usr/local/include  conftest.cpp
conftest.cpp:12:28: fatal error: ac_nonexistent.h: No such file or directory
compilation terminated.
configure:4821: $? = 1
configure: failed program was:
| /* confdefs.h */
| #define PACKAGE_NAME "osra"
| #define PACKAGE_TARNAME "osra"
| #define PACKAGE_VERSION "2.1.0"
| #define PACKAGE_STRING "osra 2.1.0"
| #define PACKAGE_BUGREPORT ""
| #define PACKAGE_URL ""
| #define HAVE_CXX11 1
| #define HAVE_NAMESPACES /**/
| #define HAVE_STL /**/
| /* end confdefs.h.  */
| #include <ac_nonexistent.h>
configure:4850: checking for grep that handles long lines and -e
configure:4908: result: /bin/grep
configure:4913: checking for egrep
configure:4975: result: /bin/grep -E
configure:4980: checking for ANSI C header files
configure:5000: g++ -std=gnu++11 -c -g -O2 -I/usr/local/include  conftest.cpp >&5
configure:5000: $? = 0
configure:5073: g++ -std=gnu++11 -o conftest -g -O2 -I/usr/local/include  -L/usr/local/lib  conftest.cpp  >&5
configure:5073: $? = 0
configure:5073: ./conftest
configure:5073: $? = 0
configure:5084: result: yes
configure:5097: checking for sys/types.h
configure:5097: g++ -std=gnu++11 -c -g -O2 -I/usr/local/include  conftest.cpp >&5
configure:5097: $? = 0
configure:5097: result: yes
configure:5097: checking for sys/stat.h
configure:5097: g++ -std=gnu++11 -c -g -O2 -I/usr/local/include  conftest.cpp >&5
configure:5097: $? = 0
configure:5097: result: yes
configure:5097: checking for stdlib.h
configure:5097: g++ -std=gnu++11 -c -g -O2 -I/usr/local/include  conftest.cpp >&5
configure:5097: $? = 0
configure:5097: result: yes
configure:5097: checking for string.h
configure:5097: g++ -std=gnu++11 -c -g -O2 -I/usr/local/include  conftest.cpp >&5
configure:5097: $? = 0
configure:5097: result: yes
configure:5097: checking for memory.h
configure:5097: g++ -std=gnu++11 -c -g -O2 -I/usr/local/include  conftest.cpp >&5
configure:5097: $? = 0
configure:5097: result: yes
configure:5097: checking for strings.h
configure:5097: g++ -std=gnu++11 -c -g -O2 -I/usr/local/include  conftest.cpp >&5
configure:5097: $? = 0
configure:5097: result: yes
configure:5097: checking for inttypes.h
configure:5097: g++ -std=gnu++11 -c -g -O2 -I/usr/local/include  conftest.cpp >&5
configure:5097: $? = 0
configure:5097: result: yes
configure:5097: checking for stdint.h
configure:5097: g++ -std=gnu++11 -c -g -O2 -I/usr/local/include  conftest.cpp >&5
configure:5097: $? = 0
configure:5097: result: yes
configure:5097: checking for unistd.h
configure:5097: g++ -std=gnu++11 -c -g -O2 -I/usr/local/include  conftest.cpp >&5
configure:5097: $? = 0
configure:5097: result: yes
configure:5207: checking tclap/CmdLine.h usability
configure:5207: g++ -std=gnu++11 -c -g -O2 -I/usr/local/include/ -I/usr/local/include  conftest.cpp >&5
configure:5207: $? = 0
configure:5207: result: yes
configure:5207: checking tclap/CmdLine.h presence
configure:5207: g++ -std=gnu++11 -E -I/usr/local/include/ -I/usr/local/include  conftest.cpp
configure:5207: $? = 0
configure:5207: result: yes
configure:5207: checking for tclap/CmdLine.h
configure:5207: result: yes
configure:5390: checking potracelib.h usability
configure:5390: g++ -std=gnu++11 -c -g -O2 -I/usr/local/include/ -I/usr/local/include  conftest.cpp >&5
configure:5390: $? = 0
configure:5390: result: yes
configure:5390: checking potracelib.h presence
configure:5390: g++ -std=gnu++11 -E -I/usr/local/include/ -I/usr/local/include  conftest.cpp
configure:5390: $? = 0
configure:5390: result: yes
configure:5390: checking for potracelib.h
configure:5390: result: yes
configure:5573: checking pgm2asc.h usability
configure:5573: g++ -std=gnu++11 -c -g -O2 -I/usr/local/include/gocr -I/usr/local/include/ -I/usr/local/include  conftest.cpp >&5
configure:5573: $? = 0
configure:5573: result: yes
configure:5573: checking pgm2asc.h presence
configure:5573: g++ -std=gnu++11 -E -I/usr/local/include/gocr -I/usr/local/include/ -I/usr/local/include  conftest.cpp
configure:5573: $? = 0
configure:5573: result: yes
configure:5573: checking for pgm2asc.h
configure:5573: result: yes
configure:5756: checking ocradlib.h usability
configure:5756: g++ -std=gnu++11 -c -g -O2 -I/usr/local/include/gocr -I/usr/local/include/ -I/usr/local/include  conftest.cpp >&5
configure:5756: $? = 0
configure:5756: result: yes
configure:5756: checking ocradlib.h presence
configure:5756: g++ -std=gnu++11 -E -I/usr/local/include/gocr -I/usr/local/include/ -I/usr/local/include  conftest.cpp
configure:5756: $? = 0
configure:5756: result: yes
configure:5756: checking for ocradlib.h
configure:5756: result: yes
configure:5939: checking poppler/cpp/poppler-document.h usability
configure:5939: g++ -std=gnu++11 -c -g -O2 -I/usr/local/include/gocr -I/usr/local/include/ -I/usr/local/include  conftest.cpp >&5
configure:5939: $? = 0
configure:5939: result: yes
configure:5939: checking poppler/cpp/poppler-document.h presence
configure:5939: g++ -std=gnu++11 -E -I/usr/local/include/gocr -I/usr/local/include/ -I/usr/local/include  conftest.cpp
configure:5939: $? = 0
configure:5939: result: yes
configure:5939: checking for poppler/cpp/poppler-document.h
configure:5939: result: yes
configure:6518: checking openbabel/mol.h usability
configure:6518: g++ -std=gnu++11 -c -g -O2 -I/usr/local/include/openbabel-2.0 -I/usr/local/include/gocr -I/usr/local/include/ -I/usr/local/include  conftest.cpp >&5
configure:6518: $? = 0
configure:6518: result: yes
configure:6518: checking openbabel/mol.h presence
configure:6518: g++ -std=gnu++11 -E -I/usr/local/include/openbabel-2.0 -I/usr/local/include/gocr -I/usr/local/include/ -I/usr/local/include  conftest.cpp
configure:6518: $? = 0
configure:6518: result: yes
configure:6518: checking for openbabel/mol.h
configure:6518: result: yes
configure:6518: checking openbabel/obconversion.h usability
configure:6518: g++ -std=gnu++11 -c -g -O2 -I/usr/local/include/openbabel-2.0 -I/usr/local/include/gocr -I/usr/local/include/ -I/usr/local/include  conftest.cpp >&5
configure:6518: $? = 0
configure:6518: result: yes
configure:6518: checking openbabel/obconversion.h presence
configure:6518: g++ -std=gnu++11 -E -I/usr/local/include/openbabel-2.0 -I/usr/local/include/gocr -I/usr/local/include/ -I/usr/local/include  conftest.cpp
configure:6518: $? = 0
configure:6518: result: yes
configure:6518: checking for openbabel/obconversion.h
configure:6518: result: yes
configure:6518: checking openbabel/builder.h usability
configure:6518: g++ -std=gnu++11 -c -g -O2 -I/usr/local/include/openbabel-2.0 -I/usr/local/include/gocr -I/usr/local/include/ -I/usr/local/include  conftest.cpp >&5
configure:6518: $? = 0
configure:6518: result: yes
configure:6518: checking openbabel/builder.h presence
configure:6518: g++ -std=gnu++11 -E -I/usr/local/include/openbabel-2.0 -I/usr/local/include/gocr -I/usr/local/include/ -I/usr/local/include  conftest.cpp
configure:6518: $? = 0
configure:6518: result: yes
configure:6518: checking for openbabel/builder.h
configure:6518: result: yes
configure:6518: checking openbabel/alias.h usability
configure:6518: g++ -std=gnu++11 -c -g -O2 -I/usr/local/include/openbabel-2.0 -I/usr/local/include/gocr -I/usr/local/include/ -I/usr/local/include  conftest.cpp >&5
configure:6518: $? = 0
configure:6518: result: yes
configure:6518: checking openbabel/alias.h presence
configure:6518: g++ -std=gnu++11 -E -I/usr/local/include/openbabel-2.0 -I/usr/local/include/gocr -I/usr/local/include/ -I/usr/local/include  conftest.cpp
configure:6518: $? = 0
configure:6518: result: yes
configure:6518: checking for openbabel/alias.h
configure:6518: result: yes
configure:6518: checking openbabel/stereo/tetrahedral.h usability
configure:6518: g++ -std=gnu++11 -c -g -O2 -I/usr/local/include/openbabel-2.0 -I/usr/local/include/gocr -I/usr/local/include/ -I/usr/local/include  conftest.cpp >&5
configure:6518: $? = 0
configure:6518: result: yes
configure:6518: checking openbabel/stereo/tetrahedral.h presence
configure:6518: g++ -std=gnu++11 -E -I/usr/local/include/openbabel-2.0 -I/usr/local/include/gocr -I/usr/local/include/ -I/usr/local/include  conftest.cpp
configure:6518: $? = 0
configure:6518: result: yes
configure:6518: checking for openbabel/stereo/tetrahedral.h
configure:6518: result: yes
configure:6679: checking limits.h usability
configure:6679: g++ -std=gnu++11 -c -g -O2 -I/usr/local/include/openbabel-2.0 -I/usr/local/include/gocr -I/usr/local/include/ -I/usr/local/include  conftest.cpp >&5
configure:6679: $? = 0
configure:6679: result: yes
configure:6679: checking limits.h presence
configure:6679: g++ -std=gnu++11 -E -I/usr/local/include/openbabel-2.0 -I/usr/local/include/gocr -I/usr/local/include/ -I/usr/local/include  conftest.cpp
configure:6679: $? = 0
configure:6679: result: yes
configure:6679: checking for limits.h
configure:6679: result: yes
configure:6693: g++ -std=gnu++11 -c -g -O2 -I/usr/local/include/openbabel-2.0 -I/usr/local/include/gocr -I/usr/local/include/ -I/usr/local/include  conftest.cpp >&5
configure:6693: $? = 0
configure:6715: checking float.h usability
configure:6715: g++ -std=gnu++11 -c -g -O2 -I/usr/local/include/openbabel-2.0 -I/usr/local/include/gocr -I/usr/local/include/ -I/usr/local/include  conftest.cpp >&5
configure:6715: $? = 0
configure:6715: result: yes
configure:6715: checking float.h presence
configure:6715: g++ -std=gnu++11 -E -I/usr/local/include/openbabel-2.0 -I/usr/local/include/gocr -I/usr/local/include/ -I/usr/local/include  conftest.cpp
configure:6715: $? = 0
configure:6715: result: yes
configure:6715: checking for float.h
configure:6715: result: yes
configure:6729: g++ -std=gnu++11 -c -g -O2 -I/usr/local/include/openbabel-2.0 -I/usr/local/include/gocr -I/usr/local/include/ -I/usr/local/include  conftest.cpp >&5
configure:6729: $? = 0
configure:6751: checking libgen.h usability
configure:6751: g++ -std=gnu++11 -c -g -O2 -I/usr/local/include/openbabel-2.0 -I/usr/local/include/gocr -I/usr/local/include/ -I/usr/local/include  conftest.cpp >&5
configure:6751: $? = 0
configure:6751: result: yes
configure:6751: checking libgen.h presence
configure:6751: g++ -std=gnu++11 -E -I/usr/local/include/openbabel-2.0 -I/usr/local/include/gocr -I/usr/local/include/ -I/usr/local/include  conftest.cpp
configure:6751: $? = 0
configure:6751: result: yes
configure:6751: checking for libgen.h
configure:6751: result: yes
configure:6765: g++ -std=gnu++11 -c -g -O2 -I/usr/local/include/openbabel-2.0 -I/usr/local/include/gocr -I/usr/local/include/ -I/usr/local/include  conftest.cpp >&5
conftest.cpp: In function 'int main()':
conftest.cpp:36:22: warning: ISO C++ forbids converting a string constant to 'char*' [-Wwrite-strings]
  char *a = dirname("");
                      ^
configure:6765: $? = 0
configure:6787: checking math.h usability
configure:6787: g++ -std=gnu++11 -c -g -O2 -I/usr/local/include/openbabel-2.0 -I/usr/local/include/gocr -I/usr/local/include/ -I/usr/local/include  conftest.cpp >&5
configure:6787: $? = 0
configure:6787: result: yes
configure:6787: checking math.h presence
configure:6787: g++ -std=gnu++11 -E -I/usr/local/include/openbabel-2.0 -I/usr/local/include/gocr -I/usr/local/include/ -I/usr/local/include  conftest.cpp
configure:6787: $? = 0
configure:6787: result: yes
configure:6787: checking for math.h
configure:6787: result: yes
configure:6797: checking for -lm
configure:6834: g++ -std=gnu++11 -o conftest -g -O2 -I/usr/local/include/openbabel-2.0 -I/usr/local/include/gocr -I/usr/local/include/ -I/usr/local/include  -L/usr/local/lib -L/usr/local/lib  conftest.cpp -lm   >&5
configure:6834: $? = 0
configure:6889: result: yes
configure:6915: LIBS="-lm " after linking check succeeded
configure:6963: g++ -std=gnu++11 -c -g -O2 -I/usr/local/include/openbabel-2.0 -I/usr/local/include/gocr -I/usr/local/include/ -I/usr/local/include  conftest.cpp >&5
configure:6963: $? = 0
configure:6984: checking for -lpotrace
configure:7035: g++ -std=gnu++11 -o conftest -g -O2 -I/usr/local/include/openbabel-2.0 -I/usr/local/include/gocr -I/usr/local/include/ -I/usr/local/include  -L/usr/local/lib -L/usr/local/lib  conftest.cpp -lpotrace  -lm  >&5
configure:7035: $? = 0
configure:7104: result: yes
configure:7130: LIBS="-lpotrace -lm " after linking check succeeded
configure:7153: checking for -locrad
configure:7203: g++ -std=gnu++11 -o conftest -g -O2 -I/usr/local/include/openbabel-2.0 -I/usr/local/include/gocr -I/usr/local/include/ -I/usr/local/include  -L/usr/local/lib -L/usr/local/lib  conftest.cpp -locrad  -lpotrace -lm  >&5
configure:7203: $? = 0
configure:7271: result: yes
configure:7297: LIBS="-locrad -lpotrace -lm " after linking check succeeded
configure:7315: checking for sem_init in -lpthread
configure:7340: g++ -std=gnu++11 -o conftest -g -O2 -I/usr/local/include/openbabel-2.0 -I/usr/local/include/gocr -I/usr/local/include/ -I/usr/local/include  -L/usr/local/lib -L/usr/local/lib  conftest.cpp -lpthread  -locrad -lpotrace -lm  >&5
configure:7340: $? = 0
configure:7349: result: yes
configure:7650: checking for FT_Init_FreeType in -lfreetype
configure:7675: g++ -std=gnu++11 -o conftest -g -O2 -I/usr/local/include/openbabel-2.0 -I/usr/local/include/gocr -I/usr/local/include/ -I/usr/local/include  -L/usr/local/lib -L/usr/local/lib  conftest.cpp -lfreetype  -lpthread -locrad -lpotrace -lm  >&5
configure:7675: $? = 0
configure:7684: result: yes
configure:7697: checking for FcInit in -lfontconfig
configure:7722: g++ -std=gnu++11 -o conftest -g -O2 -I/usr/local/include/openbabel-2.0 -I/usr/local/include/gocr -I/usr/local/include/ -I/usr/local/include  -L/usr/local/lib -L/usr/local/lib  conftest.cpp -lfontconfig  -lfreetype -lpthread -locrad -lpotrace -lm  >&5
configure:7722: $? = 0
configure:7731: result: yes
configure:7750: checking for libs: poppler poppler-cpp
configure:7802: g++ -std=gnu++11 -o conftest -g -O2 -I/usr/local/include/openbabel-2.0 -I/usr/local/include/gocr -I/usr/local/include/ -I/usr/local/include  -L/usr/local/lib -L/usr/local/lib  conftest.cpp -lpoppler-cpp -lpoppler  -lfontconfig -lfreetype -lpthread -locrad -lpotrace -lm  >&5
configure:7802: $? = 0
configure:7872: result: yes
configure:7898: LIBS="-lpoppler-cpp -lpoppler -lfontconfig -lfreetype -lpthread -locrad -lpotrace -lm " after linking check succeeded
configure:8552: checking for -lopenbabel
configure:8682: g++ -std=gnu++11 -o conftest -g -O2 -I/usr/local/include/openbabel-2.0 -I/usr/local/include/gocr -I/usr/local/include/ -I/usr/local/include  -L/usr/local/lib -L/usr/local/lib  conftest.cpp -lopenbabel  -lpoppler-cpp -lpoppler -lfontconfig -lfreetype -lpthread -locrad -lpotrace -lm  >&5
configure:8682: $? = 0
configure:8830: result: yes
configure:8856: LIBS="-lopenbabel -lpoppler-cpp -lpoppler -lfontconfig -lfreetype -lpthread -locrad -lpotrace -lm " after linking check succeeded
configure:8882: checking for GraphicsMagick++-config
configure:8900: found /usr/local/bin/GraphicsMagick++-config
configure:8912: result: /usr/local/bin/GraphicsMagick++-config
configure:8949: CPPFLAGS="-I/usr/local/include/GraphicsMagick -I/usr/local/include/openbabel-2.0 -I/usr/local/include/gocr -I/usr/local/include/ -I/usr/local/include " LIBS="-lopenbabel -lpoppler-cpp -lpoppler -lfontconfig -lfreetype -lpthread -locrad -lpotrace -lm " after populated with GraphicsMagick++-config
configure:8979: checking Magick++.h usability
configure:8979: g++ -std=gnu++11 -c -g -O2 -I/usr/local/include/GraphicsMagick -I/usr/local/include/openbabel-2.0 -I/usr/local/include/gocr -I/usr/local/include/ -I/usr/local/include  conftest.cpp >&5
configure:8979: $? = 0
configure:8979: result: yes
configure:8979: checking Magick++.h presence
configure:8979: g++ -std=gnu++11 -E -I/usr/local/include/GraphicsMagick -I/usr/local/include/openbabel-2.0 -I/usr/local/include/gocr -I/usr/local/include/ -I/usr/local/include  conftest.cpp
configure:8979: $? = 0
configure:8979: result: yes
configure:8979: checking for Magick++.h
configure:8979: result: yes
configure:9141: checking for libs: GraphicsMagick++ GraphicsMagick
configure:9204: g++ -std=gnu++11 -o conftest -g -O2 -I/usr/local/include/GraphicsMagick -I/usr/local/include/openbabel-2.0 -I/usr/local/include/gocr -I/usr/local/include/ -I/usr/local/include  -L/usr/local/lib -L/usr/local/lib  conftest.cpp -lGraphicsMagick -lGraphicsMagick++  -lopenbabel -lpoppler-cpp -lpoppler -lfontconfig -lfreetype -lpthread -locrad -lpotrace -lm  >&5
configure:9204: $? = 0
configure:9285: result: yes
configure:9311: LIBS="-lGraphicsMagick -lGraphicsMagick++ -lopenbabel -lpoppler-cpp -lpoppler -lfontconfig -lfreetype -lpthread -locrad -lpotrace -lm " after linking check succeeded
configure:9327: checking for library containing pnm_readpnminit
configure:9358: g++ -std=gnu++11 -o conftest -g -O2 -I/usr/local/include/GraphicsMagick -I/usr/local/include/openbabel-2.0 -I/usr/local/include/gocr -I/usr/local/include/ -I/usr/local/include  -L/usr/local/lib -L/usr/local/lib  conftest.cpp -lGraphicsMagick -lGraphicsMagick++ -lopenbabel -lpoppler-cpp -lpoppler -lfontconfig -lfreetype -lpthread -locrad -lpotrace -lm  >&5
/tmp/ccFoUHFC.o: In function `main':
/home/edward/cpp/hack_osra/conftest.cpp:53: undefined reference to `pnm_readpnminit'
collect2: error: ld returned 1 exit status
configure:9358: $? = 1
configure: failed program was:
| /* confdefs.h */
| #define PACKAGE_NAME "osra"
| #define PACKAGE_TARNAME "osra"
| #define PACKAGE_VERSION "2.1.0"
| #define PACKAGE_STRING "osra 2.1.0"
| #define PACKAGE_BUGREPORT ""
| #define PACKAGE_URL ""
| #define HAVE_CXX11 1
| #define HAVE_NAMESPACES /**/
| #define HAVE_STL /**/
| #define STDC_HEADERS 1
| #define HAVE_SYS_TYPES_H 1
| #define HAVE_SYS_STAT_H 1
| #define HAVE_STDLIB_H 1
| #define HAVE_STRING_H 1
| #define HAVE_MEMORY_H 1
| #define HAVE_STRINGS_H 1
| #define HAVE_INTTYPES_H 1
| #define HAVE_STDINT_H 1
| #define HAVE_UNISTD_H 1
| #define HAVE_TCLAP_CMDLINE_H 1
| #define HAVE_POTRACELIB_H 1
| #define HAVE_PGM2ASC_H 1
| #define HAVE_OCRADLIB_H 1
| #define HAVE_POPPLER_CPP_POPPLER_DOCUMENT_H 1
| #define HAVE_OPENBABEL_MOL_H 1
| #define HAVE_OPENBABEL_OBCONVERSION_H 1
| #define HAVE_OPENBABEL_BUILDER_H 1
| #define HAVE_OPENBABEL_ALIAS_H 1
| #define HAVE_OPENBABEL_STEREO_TETRAHEDRAL_H 1
| #define HAVE_LIBM 1
| #define HAVE_LIBPOTRACE 1
| #define HAVE_LIBOCRAD 1
| #define HAVE_LIBPTHREAD 1
| #define HAVE_LIBFREETYPE 1
| #define HAVE_LIBFONTCONFIG 1
| #define HAVE_LIBPOPPLER_POPPLER_CPP 1
| #define HAVE_LIBOPENBABEL 1
| #define HAVE_MAGICK___H 1
| #define HAVE_LIBGRAPHICSMAGICK___GRAPHICSMAGICK 1
| /* end confdefs.h.  */
| 
| /* Override any GCC internal prototype to avoid an error.
|    Use char because int might match the return type of a GCC
|    builtin and then its argument prototype would still apply.  */
| #ifdef __cplusplus
| extern "C"
| #endif
| char pnm_readpnminit ();
| int
| main ()
| {
| return pnm_readpnminit ();
|   ;
|   return 0;
| }
configure:9358: g++ -std=gnu++11 -o conftest -g -O2 -I/usr/local/include/GraphicsMagick -I/usr/local/include/openbabel-2.0 -I/usr/local/include/gocr -I/usr/local/include/ -I/usr/local/include  -L/usr/local/lib -L/usr/local/lib  conftest.cpp -lnetpbm  -lGraphicsMagick -lGraphicsMagick++ -lopenbabel -lpoppler-cpp -lpoppler -lfontconfig -lfreetype -lpthread -locrad -lpotrace -lm  >&5
/usr/bin/ld: cannot find -lnetpbm
collect2: error: ld returned 1 exit status
configure:9358: $? = 1
configure: failed program was:
| /* confdefs.h */
| #define PACKAGE_NAME "osra"
| #define PACKAGE_TARNAME "osra"
| #define PACKAGE_VERSION "2.1.0"
| #define PACKAGE_STRING "osra 2.1.0"
| #define PACKAGE_BUGREPORT ""
| #define PACKAGE_URL ""
| #define HAVE_CXX11 1
| #define HAVE_NAMESPACES /**/
| #define HAVE_STL /**/
| #define STDC_HEADERS 1
| #define HAVE_SYS_TYPES_H 1
| #define HAVE_SYS_STAT_H 1
| #define HAVE_STDLIB_H 1
| #define HAVE_STRING_H 1
| #define HAVE_MEMORY_H 1
| #define HAVE_STRINGS_H 1
| #define HAVE_INTTYPES_H 1
| #define HAVE_STDINT_H 1
| #define HAVE_UNISTD_H 1
| #define HAVE_TCLAP_CMDLINE_H 1
| #define HAVE_POTRACELIB_H 1
| #define HAVE_PGM2ASC_H 1
| #define HAVE_OCRADLIB_H 1
| #define HAVE_POPPLER_CPP_POPPLER_DOCUMENT_H 1
| #define HAVE_OPENBABEL_MOL_H 1
| #define HAVE_OPENBABEL_OBCONVERSION_H 1
| #define HAVE_OPENBABEL_BUILDER_H 1
| #define HAVE_OPENBABEL_ALIAS_H 1
| #define HAVE_OPENBABEL_STEREO_TETRAHEDRAL_H 1
| #define HAVE_LIBM 1
| #define HAVE_LIBPOTRACE 1
| #define HAVE_LIBOCRAD 1
| #define HAVE_LIBPTHREAD 1
| #define HAVE_LIBFREETYPE 1
| #define HAVE_LIBFONTCONFIG 1
| #define HAVE_LIBPOPPLER_POPPLER_CPP 1
| #define HAVE_LIBOPENBABEL 1
| #define HAVE_MAGICK___H 1
| #define HAVE_LIBGRAPHICSMAGICK___GRAPHICSMAGICK 1
| /* end confdefs.h.  */
| 
| /* Override any GCC internal prototype to avoid an error.
|    Use char because int might match the return type of a GCC
|    builtin and then its argument prototype would still apply.  */
| #ifdef __cplusplus
| extern "C"
| #endif
| char pnm_readpnminit ();
| int
| main ()
| {
| return pnm_readpnminit ();
|   ;
|   return 0;
| }
configure:9358: g++ -std=gnu++11 -o conftest -g -O2 -I/usr/local/include/GraphicsMagick -I/usr/local/include/openbabel-2.0 -I/usr/local/include/gocr -I/usr/local/include/ -I/usr/local/include  -L/usr/local/lib -L/usr/local/lib  conftest.cpp -lpnm  -lGraphicsMagick -lGraphicsMagick++ -lopenbabel -lpoppler-cpp -lpoppler -lfontconfig -lfreetype -lpthread -locrad -lpotrace -lm  >&5
/usr/bin/ld: cannot find -lpnm
collect2: error: ld returned 1 exit status
configure:9358: $? = 1
configure: failed program was:
| /* confdefs.h */
| #define PACKAGE_NAME "osra"
| #define PACKAGE_TARNAME "osra"
| #define PACKAGE_VERSION "2.1.0"
| #define PACKAGE_STRING "osra 2.1.0"
| #define PACKAGE_BUGREPORT ""
| #define PACKAGE_URL ""
| #define HAVE_CXX11 1
| #define HAVE_NAMESPACES /**/
| #define HAVE_STL /**/
| #define STDC_HEADERS 1
| #define HAVE_SYS_TYPES_H 1
| #define HAVE_SYS_STAT_H 1
| #define HAVE_STDLIB_H 1
| #define HAVE_STRING_H 1
| #define HAVE_MEMORY_H 1
| #define HAVE_STRINGS_H 1
| #define HAVE_INTTYPES_H 1
| #define HAVE_STDINT_H 1
| #define HAVE_UNISTD_H 1
| #define HAVE_TCLAP_CMDLINE_H 1
| #define HAVE_POTRACELIB_H 1
| #define HAVE_PGM2ASC_H 1
| #define HAVE_OCRADLIB_H 1
| #define HAVE_POPPLER_CPP_POPPLER_DOCUMENT_H 1
| #define HAVE_OPENBABEL_MOL_H 1
| #define HAVE_OPENBABEL_OBCONVERSION_H 1
| #define HAVE_OPENBABEL_BUILDER_H 1
| #define HAVE_OPENBABEL_ALIAS_H 1
| #define HAVE_OPENBABEL_STEREO_TETRAHEDRAL_H 1
| #define HAVE_LIBM 1
| #define HAVE_LIBPOTRACE 1
| #define HAVE_LIBOCRAD 1
| #define HAVE_LIBPTHREAD 1
| #define HAVE_LIBFREETYPE 1
| #define HAVE_LIBFONTCONFIG 1
| #define HAVE_LIBPOPPLER_POPPLER_CPP 1
| #define HAVE_LIBOPENBABEL 1
| #define HAVE_MAGICK___H 1
| #define HAVE_LIBGRAPHICSMAGICK___GRAPHICSMAGICK 1
| /* end confdefs.h.  */
| 
| /* Override any GCC internal prototype to avoid an error.
|    Use char because int might match the return type of a GCC
|    builtin and then its argument prototype would still apply.  */
| #ifdef __cplusplus
| extern "C"
| #endif
| char pnm_readpnminit ();
| int
| main ()
| {
| return pnm_readpnminit ();
|   ;
|   return 0;
| }
configure:9375: result: no
configure:9392: checking for -lPgm2asc
configure:9442: g++ -std=gnu++11 -o conftest -g -O2 -I/usr/local/include/GraphicsMagick -I/usr/local/include/openbabel-2.0 -I/usr/local/include/gocr -I/usr/local/include/ -I/usr/local/include  -L/usr/local/lib -L/usr/local/lib  conftest.cpp -lPgm2asc  -lGraphicsMagick -lGraphicsMagick++ -lopenbabel -lpoppler-cpp -lpoppler -lfontconfig -lfreetype -lpthread -locrad -lpotrace -lm  >&5
configure:9442: $? = 0
configure:9510: result: yes
configure:9536: LIBS="-lPgm2asc -lGraphicsMagick -lGraphicsMagick++ -lopenbabel -lpoppler-cpp -lpoppler -lfontconfig -lfreetype -lpthread -locrad -lpotrace -lm " after linking check succeeded
configure:9720: creating ./config.status

## ---------------------- ##
## Running config.status. ##
## ---------------------- ##

This file was extended by osra config.status 2.1.0, which was
generated by GNU Autoconf 2.69.  Invocation command line was

  CONFIG_FILES    = 
  CONFIG_HEADERS  = 
  CONFIG_LINKS    = 
  CONFIG_COMMANDS = 
  $ ./config.status 

on edward-VirtualBox

config.status:856: creating Makefile
config.status:856: creating Makefile.inc
config.status:856: creating doc/manual.sgml
config.status:856: creating package/linux/osra.pc
config.status:856: creating package/linux/debian/control
config.status:856: creating package/linux/debian/rules
config.status:856: creating package/linux/suse/osra.spec
config.status:856: creating pom.xml
config.status:856: creating src/config.h
config.status:1031: src/config.h is unchanged
configure:10891: Now you can run "make all install" to compile and install the application.

## ---------------- ##
## Cache variables. ##
## ---------------- ##

ac_cv_build=x86_64-unknown-linux-gnu
ac_cv_cxx_compiler_gnu=yes
ac_cv_cxx_have_stl=yes
ac_cv_cxx_namespaces=yes
ac_cv_env_CCC_set=
ac_cv_env_CCC_value=
ac_cv_env_CPPFLAGS_set=
ac_cv_env_CPPFLAGS_value=
ac_cv_env_CXXCPP_set=
ac_cv_env_CXXCPP_value=
ac_cv_env_CXXFLAGS_set=
ac_cv_env_CXXFLAGS_value=
ac_cv_env_CXX_set=
ac_cv_env_CXX_value=
ac_cv_env_LDFLAGS_set=
ac_cv_env_LDFLAGS_value=
ac_cv_env_LIBS_set=
ac_cv_env_LIBS_value=
ac_cv_env_build_alias_set=
ac_cv_env_build_alias_value=
ac_cv_env_host_alias_set=
ac_cv_env_host_alias_value=
ac_cv_env_target_alias_set=
ac_cv_env_target_alias_value=
ac_cv_header_Magickpp_h=yes
ac_cv_header_float_h=yes
ac_cv_header_inttypes_h=yes
ac_cv_header_libgen_h=yes
ac_cv_header_limits_h=yes
ac_cv_header_math_h=yes
ac_cv_header_memory_h=yes
ac_cv_header_ocradlib_h=yes
ac_cv_header_openbabel_alias_h=yes
ac_cv_header_openbabel_builder_h=yes
ac_cv_header_openbabel_mol_h=yes
ac_cv_header_openbabel_obconversion_h=yes
ac_cv_header_openbabel_stereo_tetrahedral_h=yes
ac_cv_header_pgm2asc_h=yes
ac_cv_header_poppler_cpp_poppler_document_h=yes
ac_cv_header_potracelib_h=yes
ac_cv_header_stdc=yes
ac_cv_header_stdint_h=yes
ac_cv_header_stdlib_h=yes
ac_cv_header_string_h=yes
ac_cv_header_strings_h=yes
ac_cv_header_sys_stat_h=yes
ac_cv_header_sys_types_h=yes
ac_cv_header_tclap_CmdLine_h=yes
ac_cv_header_unistd_h=yes
ac_cv_lib_GraphicsMagickpp_GraphicsMagick=yes
ac_cv_lib_Pgm2asc=yes
ac_cv_lib_fontconfig_FcInit=yes
ac_cv_lib_freetype_FT_Init_FreeType=yes
ac_cv_lib_m=yes
ac_cv_lib_ocrad=yes
ac_cv_lib_openbabel=yes
ac_cv_lib_poppler_poppler_cpp=yes
ac_cv_lib_potrace=yes
ac_cv_lib_pthread_sem_init=yes
ac_cv_objext=o
ac_cv_path_AR=/usr/bin/ar
ac_cv_path_EGREP='/bin/grep -E'
ac_cv_path_GRAPHICS_MAGICK_CONFIG=/usr/local/bin/GraphicsMagick++-config
ac_cv_path_GREP=/bin/grep
ac_cv_path_LD=/usr/bin/ld
ac_cv_path_RM=/bin/rm
ac_cv_path_install='/usr/bin/install -c'
ac_cv_prog_CXXCPP='g++ -std=gnu++11 -E'
ac_cv_prog_ac_ct_CXX=g++
ac_cv_prog_ac_ct_RANLIB=ranlib
ac_cv_prog_cxx_g=yes
ac_cv_prog_cxx_openmp=-fopenmp
ac_cv_search_pnm_readpnminit=no
ax_cv_cxx_compile_cxx11=no
ax_cv_cxx_compile_cxx11__std_gnupp11=yes

## ----------------- ##
## Output variables. ##
## ----------------- ##

AR='/usr/bin/ar'
CPPFLAGS=' -I/usr/local/include/GraphicsMagick -I/usr/local/include/openbabel-2.0 -I/usr/local/include/gocr -I/usr/local/include/ -I/usr/local/include '
CXX='g++ -std=gnu++11'
CXXCPP='g++ -std=gnu++11 -E'
CXXFLAGS='-fopenmp -g -O2'
DEFS='-DHAVE_CONFIG_H'
ECHO_C=''
ECHO_N='-n'
ECHO_T=''
EGREP='/bin/grep -E'
EXEEXT=''
GRAPHICS_MAGICK_CONFIG='/usr/local/bin/GraphicsMagick++-config'
GREP='/bin/grep'
HAVE_CXX11='1'
INSTALL_DATA='${INSTALL} -m 644'
INSTALL_PROGRAM='${INSTALL} -s'
INSTALL_SCRIPT='${INSTALL}'
LD='/usr/bin/ld'
LDFLAGS='-L/usr/local/lib -L/usr/local/lib '
LDSHAREDFLAGS='-shared -Wl,-soname,$@.$(LIB_MAJOR_VERSION)'
LIBOBJS=''
LIBS='-lPgm2asc -lGraphicsMagick -lGraphicsMagick++ -lopenbabel -lpoppler-cpp -lpoppler -lfontconfig -lfreetype -lpthread -locrad -lpotrace -lm '
LIB_MAJOR_VERSION='2'
LIB_MINOR_VERSION='1'
LIB_PATCH_VERSION='20100'
LN_S='ln -s'
LTLIBOBJS=''
NATURALDOCS=''
OBJEXT='o'
OPENMP_CXXFLAGS='-fopenmp'
OSRA_JAVA=''
OSRA_LIB='yes'
PACKAGE_BUGREPORT=''
PACKAGE_NAME='osra'
PACKAGE_STRING='osra 2.1.0'
PACKAGE_TARNAME='osra'
PACKAGE_URL=''
PACKAGE_VERSION='2.1.0'
PATH_SEPARATOR=':'
RANLIB='ranlib'
RM='/bin/rm'
SHAREDEXT='.so'
SHELL='/bin/bash'
TESSERACT_LIB=''
XSLTPROC=''
ac_ct_CXX='g++'
bindir='${exec_prefix}/bin'
build='x86_64-unknown-linux-gnu'
build_alias=''
build_cpu='x86_64'
build_os='linux'
build_vendor='unknown'
datadir='${prefix}/share'
datarootdir='${prefix}/share'
docdir='${prefix}/share/doc/osra'
dvidir='${docdir}'
exec_prefix='${prefix}'
host_alias=''
htmldir='${docdir}'
includedir='${prefix}/include'
infodir='${datarootdir}/info'
libdir='${exec_prefix}/lib'
libexecdir='${exec_prefix}/libexec'
localedir='${datarootdir}/locale'
localstatedir='${prefix}/var'
mandir='${datarootdir}/man'
oldincludedir='/usr/include'
pdfdir='${docdir}'
prefix='/usr/local'
program_transform_name='s,x,x,'
psdir='${docdir}'
resolved_datadir='/usr/local/share'
sbindir='${exec_prefix}/sbin'
sharedstatedir='${prefix}/com'
sysconfdir='${prefix}/etc'
target_alias=''

## ----------- ##
## confdefs.h. ##
## ----------- ##

/* confdefs.h */
#define PACKAGE_NAME "osra"
#define PACKAGE_TARNAME "osra"
#define PACKAGE_VERSION "2.1.0"
#define PACKAGE_STRING "osra 2.1.0"
#define PACKAGE_BUGREPORT ""
#define PACKAGE_URL ""
#define HAVE_CXX11 1
#define HAVE_NAMESPACES /**/
#define HAVE_STL /**/
#define STDC_HEADERS 1
#define HAVE_SYS_TYPES_H 1
#define HAVE_SYS_STAT_H 1
#define HAVE_STDLIB_H 1
#define HAVE_STRING_H 1
#define HAVE_MEMORY_H 1
#define HAVE_STRINGS_H 1
#define HAVE_INTTYPES_H 1
#define HAVE_STDINT_H 1
#define HAVE_UNISTD_H 1
#define HAVE_TCLAP_CMDLINE_H 1
#define HAVE_POTRACELIB_H 1
#define HAVE_PGM2ASC_H 1
#define HAVE_OCRADLIB_H 1
#define HAVE_POPPLER_CPP_POPPLER_DOCUMENT_H 1
#define HAVE_OPENBABEL_MOL_H 1
#define HAVE_OPENBABEL_OBCONVERSION_H 1
#define HAVE_OPENBABEL_BUILDER_H 1
#define HAVE_OPENBABEL_ALIAS_H 1
#define HAVE_OPENBABEL_STEREO_TETRAHEDRAL_H 1
#define HAVE_LIBM 1
#define HAVE_LIBPOTRACE 1
#define HAVE_LIBOCRAD 1
#define HAVE_LIBPTHREAD 1
#define HAVE_LIBFREETYPE 1
#define HAVE_LIBFONTCONFIG 1
#define HAVE_LIBPOPPLER_POPPLER_CPP 1
#define HAVE_LIBOPENBABEL 1
#define HAVE_MAGICK___H 1
#define HAVE_LIBGRAPHICSMAGICK___GRAPHICSMAGICK 1
#define HAVE_LIBPGM2ASC 1
#define DATA_DIR "/usr/local/share"

configure: exit 0
